Using GPU 1
Running experiments 7–10  (4 total)  on GPU 1

======================================================================
EXPERIMENT 7: linear_attn_mamba2
======================================================================
  optimizer: adamw
  lr: 0.0003
  time_embed: additive
  attention_type: mamba2
  noise_steps: 128
  dropout: 0.0
  seq_len: 1024
  batch_size: 8
  weight_decay: 0.01

Loading NucEL backbone (FreakingPotato/NucEL) with flash_attention_2 ...
Loading weights:   0%|          | 0/134 [00:00<?, ?it/s]Loading weights: 100%|██████████| 134/134 [00:00<00:00, 1931.98it/s]
Loading NucEL vocab from FreakingPotato/NucEL ...
  vocab_size=27, mask_id=4, unk_id=1
  Backbone transformer layers found: 22
  Layer 0: replaced attn_norm with mamba2
  Layer 1: replaced attn_norm with mamba2
  Layer 2: replaced attn_norm with mamba2
  Layer 3: replaced attn_norm with mamba2
  Layer 4: replaced attn_norm with mamba2
  Layer 5: replaced attn_norm with mamba2
  Layer 6: replaced attn_norm with mamba2
  Layer 7: replaced attn_norm with mamba2
  Layer 8: replaced attn_norm with mamba2
  Layer 9: replaced attn_norm with mamba2
  Layer 10: replaced attn_norm with mamba2
  Layer 11: replaced attn_norm with mamba2
  Layer 12: replaced attn_norm with mamba2
  Layer 13: replaced attn_norm with mamba2
  Layer 14: replaced attn_norm with mamba2
  Layer 15: replaced attn_norm with mamba2
  Layer 16: replaced attn_norm with mamba2
  Layer 17: replaced attn_norm with mamba2
  Layer 18: replaced attn_norm with mamba2
  Layer 19: replaced attn_norm with mamba2
  Layer 20: replaced attn_norm with mamba2
  Layer 21: replaced attn_norm with mamba2
Total params:     136,590,624  (136.6M)
Trainable params: 136,590,624  (136.6M)
batch=8, grad_accum=4, eff_tokens/step=32,768
  Speed benchmark: 3940ms/step, ~93.6min/epoch
  Time budget: 90.0 min
  step 00000 | loss=2.3366 | lr=0.00e+00 | dt=1375ms | rem=5400s
  step 00050 | loss=1.3140 | lr=2.11e-04 | dt=4088ms | rem=5275s
  step 00100 | loss=1.2301 | lr=3.00e-04 | dt=5463ms | rem=5016s
  step 00150 | loss=1.1587 | lr=2.97e-04 | dt=5477ms | rem=4742s
  step 00200 | loss=1.1610 | lr=2.93e-04 | dt=5414ms | rem=4468s
  step 00250 | loss=1.1410 | lr=2.87e-04 | dt=5479ms | rem=4194s
  step 00300 | loss=1.1228 | lr=2.79e-04 | dt=5479ms | rem=3920s
  step 00350 | loss=1.1777 | lr=2.70e-04 | dt=5483ms | rem=3646s
  step 00400 | loss=1.2095 | lr=2.58e-04 | dt=5574ms | rem=3372s
  step 00450 | loss=1.1526 | lr=2.46e-04 | dt=5487ms | rem=3097s
  step 00500 | loss=1.1069 | lr=2.32e-04 | dt=5487ms | rem=2822s
  step 00550 | loss=1.1306 | lr=2.17e-04 | dt=5506ms | rem=2547s
  step 00600 | loss=1.1016 | lr=2.01e-04 | dt=5503ms | rem=2272s
  step 00650 | loss=1.0729 | lr=1.84e-04 | dt=5547ms | rem=1997s
  step 00700 | loss=1.0614 | lr=1.67e-04 | dt=5516ms | rem=1721s
  step 00750 | loss=1.0314 | lr=1.49e-04 | dt=5561ms | rem=1443s
  step 00800 | loss=1.0795 | lr=1.32e-04 | dt=5546ms | rem=1165s
  step 00850 | loss=1.0751 | lr=1.15e-04 | dt=5515ms | rem=887s
  step 00900 | loss=1.0661 | lr=9.82e-05 | dt=5624ms | rem=609s
  step 00950 | loss=1.0421 | lr=8.22e-05 | dt=5623ms | rem=328s
  step 01000 | loss=1.0473 | lr=6.72e-05 | dt=5607ms | rem=46s
  Time budget reached (90.0 min)
  Training done: 1010 steps in 5405s
── Validation ──
  val_loss: 0.0234
── GB Linear Probe ──
    GB human_enhancers_cohn: acc=0.6360 (1000 train, 1000 test)
    GB human_enhancers_ensembl: acc=0.6436 (996 train, 996 test)
    GB human_ensembl_regulatory: acc=0.5115 (999 train, 999 test)
    Local cache not found for human_nontata_promoters, skipping
    GB human_nontata_promoters: too few samples (0)
    GB human_ocr_ensembl: acc=0.5780 (1000 train, 1000 test)
    GB demo_coding_vs_intergenomic_seqs: acc=0.7750 (1000 train, 1000 test)
    GB demo_human_or_worm: acc=0.6840 (1000 train, 1000 test)
    GB dummy_mouse_enhancers_ensembl: acc=0.7083 (120 train, 120 test)
  Checkpoint → /home/stark/AutoResearch_Diffusion_Model/checkpoints_phase3/007_linear_attn_mamba2.pt
Logged → /home/stark/AutoResearch_Diffusion_Model/results_phase3.tsv

✓ Experiment 7 (linear_attn_mamba2) done


======================================================================
EXPERIMENT 8: hybrid_attn
======================================================================
  optimizer: adamw
  lr: 0.0003
  time_embed: additive
  attention_type: hybrid_gla
  hybrid_every: 3
  noise_steps: 128
  dropout: 0.0
  seq_len: 1024
  batch_size: 8
  weight_decay: 0.01

Loading NucEL backbone (FreakingPotato/NucEL) with flash_attention_2 ...
Loading weights:   0%|          | 0/134 [00:00<?, ?it/s]Loading weights: 100%|██████████| 134/134 [00:00<00:00, 2083.34it/s]
  Backbone transformer layers found: 22
  Layer 0: replaced attn_norm with gla
  Layer 1: replaced attn_norm with gla
  Layer 3: replaced attn_norm with gla
  Layer 4: replaced attn_norm with gla
  Layer 6: replaced attn_norm with gla
  Layer 7: replaced attn_norm with gla
  Layer 9: replaced attn_norm with gla
  Layer 10: replaced attn_norm with gla
  Layer 12: replaced attn_norm with gla
  Layer 13: replaced attn_norm with gla
  Layer 15: replaced attn_norm with gla
  Layer 16: replaced attn_norm with gla
  Layer 18: replaced attn_norm with gla
  Layer 19: replaced attn_norm with gla
  Layer 21: replaced attn_norm with gla
Total params:     116,129,472  (116.1M)
Trainable params: 116,129,472  (116.1M)
batch=8, grad_accum=4, eff_tokens/step=32,768
  Speed benchmark: 4720ms/step, ~112.1min/epoch
  Time budget: 90.0 min
  step 00000 | loss=2.0301 | lr=0.00e+00 | dt=4712ms | rem=5400s
  step 00050 | loss=1.3053 | lr=2.11e-04 | dt=4879ms | rem=5170s
  step 00100 | loss=1.1445 | lr=3.00e-04 | dt=4900ms | rem=4927s
  step 00150 | loss=1.1274 | lr=2.97e-04 | dt=5130ms | rem=4681s
  step 00200 | loss=1.1290 | lr=2.93e-04 | dt=4952ms | rem=4427s
  step 00250 | loss=1.1939 | lr=2.87e-04 | dt=4954ms | rem=4181s
  step 00300 | loss=1.1465 | lr=2.79e-04 | dt=4833ms | rem=3935s
  step 00350 | loss=1.0933 | lr=2.70e-04 | dt=4969ms | rem=3688s
  step 00400 | loss=1.0857 | lr=2.58e-04 | dt=5023ms | rem=3439s
  step 00450 | loss=1.0503 | lr=2.46e-04 | dt=5024ms | rem=3187s
  step 00500 | loss=1.0499 | lr=2.32e-04 | dt=5138ms | rem=2935s
  step 00550 | loss=1.0442 | lr=2.17e-04 | dt=5179ms | rem=2677s
  step 00600 | loss=1.0931 | lr=2.01e-04 | dt=5246ms | rem=2417s
  step 00650 | loss=1.0980 | lr=1.84e-04 | dt=5236ms | rem=2155s
  step 00700 | loss=1.0896 | lr=1.67e-04 | dt=4696ms | rem=1897s
  step 00750 | loss=1.1089 | lr=1.49e-04 | dt=3214ms | rem=1695s
  step 00800 | loss=1.0705 | lr=1.32e-04 | dt=2728ms | rem=1550s
  step 00850 | loss=1.0389 | lr=1.15e-04 | dt=2500ms | rem=1422s
  step 00900 | loss=1.0893 | lr=9.82e-05 | dt=2278ms | rem=1298s
  step 00950 | loss=1.1107 | lr=8.22e-05 | dt=2170ms | rem=1185s
  step 01000 | loss=1.0359 | lr=6.72e-05 | dt=2392ms | rem=1071s
  step 01050 | loss=1.0246 | lr=5.33e-05 | dt=2552ms | rem=952s
  step 01100 | loss=1.0652 | lr=4.07e-05 | dt=2458ms | rem=831s
  step 01150 | loss=1.0196 | lr=2.95e-05 | dt=2476ms | rem=707s
  step 01200 | loss=1.0938 | lr=2.00e-05 | dt=2522ms | rem=581s
  step 01250 | loss=1.1088 | lr=1.22e-05 | dt=2539ms | rem=454s
  step 01300 | loss=1.0459 | lr=6.26e-06 | dt=2556ms | rem=326s
  step 01350 | loss=1.0586 | lr=2.27e-06 | dt=2621ms | rem=197s
  step 01400 | loss=1.0735 | lr=2.52e-07 | dt=2610ms | rem=66s
  Time budget reached (90.0 min)
  Training done: 1427 steps in 5402s
── Validation ──
  val_loss: 0.0178
── GB Linear Probe ──
    GB human_enhancers_cohn: acc=0.6540 (1000 train, 1000 test)
    GB human_enhancers_ensembl: acc=0.6596 (996 train, 996 test)
    GB human_ensembl_regulatory: acc=0.5135 (999 train, 999 test)
    Local cache not found for human_nontata_promoters, skipping
    GB human_nontata_promoters: too few samples (0)
    GB human_ocr_ensembl: acc=0.5330 (1000 train, 1000 test)
    GB demo_coding_vs_intergenomic_seqs: acc=0.8050 (1000 train, 1000 test)
    GB demo_human_or_worm: acc=0.7150 (1000 train, 1000 test)
    GB dummy_mouse_enhancers_ensembl: acc=0.7000 (120 train, 120 test)
  Checkpoint → /home/stark/AutoResearch_Diffusion_Model/checkpoints_phase3/008_hybrid_attn.pt
Logged → /home/stark/AutoResearch_Diffusion_Model/results_phase3.tsv

✓ Experiment 8 (hybrid_attn) done


======================================================================
EXPERIMENT 9: muon_adaln
======================================================================
  optimizer: muon
  lr: 0.02
  time_embed: adaln
  attention_type: standard
  noise_steps: 128
  dropout: 0.0
  seq_len: 1024
  batch_size: 8
  weight_decay: 0.01

Loading NucEL backbone (FreakingPotato/NucEL) with flash_attention_2 ...
Loading weights:   0%|          | 0/134 [00:00<?, ?it/s]Loading weights: 100%|██████████| 134/134 [00:00<00:00, 1960.34it/s]
  Backbone transformer layers found: 22
Total params:     105,981,952  (106.0M)
Trainable params: 105,981,952  (106.0M)
batch=8, grad_accum=4, eff_tokens/step=32,768
  Speed benchmark: 2105ms/step, ~50.0min/epoch
  Time budget: 70.0 min
  step 00000 | loss=1.1546 | lr=0.00e+00 | dt=2401ms | rem=4199s
  step 00050 | loss=1.1708 | lr=1.41e-02 | dt=2239ms | rem=4093s
  step 00100 | loss=1.1672 | lr=2.00e-02 | dt=2169ms | rem=3984s
  step 00150 | loss=1.2300 | lr=1.98e-02 | dt=2273ms | rem=3871s
  step 00200 | loss=1.5198 | lr=1.96e-02 | dt=2208ms | rem=3762s
  step 00250 | loss=2.9534 | lr=1.91e-02 | dt=1928ms | rem=3662s
  step 00300 | loss=3.2704 | lr=1.86e-02 | dt=1837ms | rem=3568s
  NaN loss — stopping.
  Training done: 304 steps in 639s
── Validation ──
  val_loss: 0.0000
── GB Linear Probe ──
    GB human_enhancers_cohn: acc=0.5010 (1000 train, 1000 test)
    GB human_enhancers_ensembl: acc=0.5020 (996 train, 996 test)
    GB human_ensembl_regulatory: acc=0.3453 (999 train, 999 test)
    Local cache not found for human_nontata_promoters, skipping
    GB human_nontata_promoters: too few samples (0)
    GB human_ocr_ensembl: acc=0.5010 (1000 train, 1000 test)
    GB demo_coding_vs_intergenomic_seqs: acc=0.5010 (1000 train, 1000 test)
    GB demo_human_or_worm: acc=0.5010 (1000 train, 1000 test)
    GB dummy_mouse_enhancers_ensembl: acc=0.5250 (120 train, 120 test)
  Checkpoint → /home/stark/AutoResearch_Diffusion_Model/checkpoints_phase3/009_muon_adaln.pt
Logged → /home/stark/AutoResearch_Diffusion_Model/results_phase3.tsv

✓ Experiment 9 (muon_adaln) done


======================================================================
EXPERIMENT 10: muon_linear
======================================================================
  optimizer: muon
  lr: 0.02
  time_embed: additive
  attention_type: gla
  noise_steps: 128
  dropout: 0.0
  seq_len: 1024
  batch_size: 8
  weight_decay: 0.01

Loading NucEL backbone (FreakingPotato/NucEL) with flash_attention_2 ...
Loading weights:   0%|          | 0/134 [00:00<?, ?it/s]Loading weights: 100%|██████████| 134/134 [00:00<00:00, 1884.19it/s]
  Backbone transformer layers found: 22
  Layer 0: replaced attn_norm with gla
  Layer 1: replaced attn_norm with gla
  Layer 2: replaced attn_norm with gla
  Layer 3: replaced attn_norm with gla
  Layer 4: replaced attn_norm with gla
  Layer 5: replaced attn_norm with gla
  Layer 6: replaced attn_norm with gla
  Layer 7: replaced attn_norm with gla
  Layer 8: replaced attn_norm with gla
  Layer 9: replaced attn_norm with gla
  Layer 10: replaced attn_norm with gla
  Layer 11: replaced attn_norm with gla
  Layer 12: replaced attn_norm with gla
  Layer 13: replaced attn_norm with gla
  Layer 14: replaced attn_norm with gla
  Layer 15: replaced attn_norm with gla
  Layer 16: replaced attn_norm with gla
  Layer 17: replaced attn_norm with gla
  Layer 18: replaced attn_norm with gla
  Layer 19: replaced attn_norm with gla
  Layer 20: replaced attn_norm with gla
  Layer 21: replaced attn_norm with gla
Total params:     123,561,344  (123.6M)
Trainable params: 123,561,344  (123.6M)
batch=8, grad_accum=4, eff_tokens/step=32,768
  Speed benchmark: 2954ms/step, ~70.2min/epoch
  Time budget: 90.0 min
  step 00000 | loss=1.7842 | lr=0.00e+00 | dt=2959ms | rem=5400s
  step 00050 | loss=1.2133 | lr=1.41e-02 | dt=3021ms | rem=5254s
  step 00100 | loss=1.2711 | lr=2.00e-02 | dt=2952ms | rem=5103s
  step 00150 | loss=1.2369 | lr=1.98e-02 | dt=2954ms | rem=4950s
  step 00200 | loss=1.1631 | lr=1.96e-02 | dt=3040ms | rem=4798s
  step 00250 | loss=1.1573 | lr=1.91e-02 | dt=3198ms | rem=4646s
  step 00300 | loss=1.1372 | lr=1.86e-02 | dt=3164ms | rem=4495s
  step 00350 | loss=1.1465 | lr=1.80e-02 | dt=3013ms | rem=4342s
  step 00400 | loss=1.1986 | lr=1.72e-02 | dt=3058ms | rem=4191s
  step 00450 | loss=1.1918 | lr=1.64e-02 | dt=3023ms | rem=4040s
  step 00500 | loss=1.1444 | lr=1.54e-02 | dt=3125ms | rem=3888s
  step 00550 | loss=1.1693 | lr=1.44e-02 | dt=2961ms | rem=3737s
  step 00600 | loss=1.1622 | lr=1.34e-02 | dt=3007ms | rem=3585s
  step 00650 | loss=1.1416 | lr=1.23e-02 | dt=3048ms | rem=3433s
  step 00700 | loss=1.1263 | lr=1.11e-02 | dt=2845ms | rem=3282s
  step 00750 | loss=1.1810 | lr=9.95e-03 | dt=3110ms | rem=3131s
  step 00800 | loss=1.1647 | lr=8.80e-03 | dt=2945ms | rem=2980s
  step 00850 | loss=1.1592 | lr=7.66e-03 | dt=3135ms | rem=2830s
  step 00900 | loss=1.1724 | lr=6.55e-03 | dt=3007ms | rem=2679s
  step 00950 | loss=1.1857 | lr=5.48e-03 | dt=2989ms | rem=2528s
  step 01000 | loss=1.1715 | lr=4.48e-03 | dt=3147ms | rem=2377s
  step 01050 | loss=1.1372 | lr=3.55e-03 | dt=2938ms | rem=2227s
  step 01100 | loss=1.0960 | lr=2.71e-03 | dt=2976ms | rem=2078s
  step 01150 | loss=1.1073 | lr=1.97e-03 | dt=2947ms | rem=1929s
  step 01200 | loss=1.1527 | lr=1.33e-03 | dt=2899ms | rem=1781s
  step 01250 | loss=1.0828 | lr=8.13e-04 | dt=2865ms | rem=1634s
  step 01300 | loss=1.1671 | lr=4.18e-04 | dt=2941ms | rem=1487s
  step 01350 | loss=1.1827 | lr=1.51e-04 | dt=2925ms | rem=1339s
  step 01400 | loss=1.1364 | lr=1.68e-05 | dt=2903ms | rem=1192s
  step 01450 | loss=1.1239 | lr=0.00e+00 | dt=3048ms | rem=1045s
  step 01500 | loss=1.1376 | lr=0.00e+00 | dt=2815ms | rem=897s
  step 01550 | loss=1.1254 | lr=0.00e+00 | dt=2944ms | rem=750s
  step 01600 | loss=1.0995 | lr=0.00e+00 | dt=3000ms | rem=601s
  step 01650 | loss=1.1037 | lr=0.00e+00 | dt=2944ms | rem=453s
  step 01700 | loss=1.1162 | lr=0.00e+00 | dt=2911ms | rem=307s
  step 01750 | loss=1.1814 | lr=0.00e+00 | dt=2954ms | rem=160s
  step 01800 | loss=1.0924 | lr=0.00e+00 | dt=2989ms | rem=14s
  Time budget reached (90.0 min)
  Training done: 1806 steps in 5401s
── Validation ──
  val_loss: 0.0001
── GB Linear Probe ──
    GB human_enhancers_cohn: acc=0.5590 (1000 train, 1000 test)
    GB human_enhancers_ensembl: acc=0.6245 (996 train, 996 test)
    GB human_ensembl_regulatory: acc=0.4605 (999 train, 999 test)
    Local cache not found for human_nontata_promoters, skipping
    GB human_nontata_promoters: too few samples (0)
    GB human_ocr_ensembl: acc=0.5620 (1000 train, 1000 test)
    GB demo_coding_vs_intergenomic_seqs: acc=0.5760 (1000 train, 1000 test)
    GB demo_human_or_worm: acc=0.5310 (1000 train, 1000 test)
    GB dummy_mouse_enhancers_ensembl: acc=0.6583 (120 train, 120 test)
  Checkpoint → /home/stark/AutoResearch_Diffusion_Model/checkpoints_phase3/010_muon_linear.pt
Logged → /home/stark/AutoResearch_Diffusion_Model/results_phase3.tsv

✓ Experiment 10 (muon_linear) done


======================================================================
Sweep 7–10 complete!
